<?xml version="1.0" encoding="UTF-8"?>
<!-- Generated by org.testng.reporters.JUnitReportReporter -->
<testsuite skipped="0" hostname="CHETAN-PC" name="com.mycompany.app.CopyTest" tests="2" failures="0" timestamp="31 Aug 2018 19:44:15 GMT" time="0.031" errors="0">
  <testcase name="MeaningfulName2" time="0.003" classname="com.mycompany.app.CopyTest"/>
  <testcase name="MeaningfulName" time="0.028" classname="com.mycompany.app.CopyTest"/>
</testsuite> <!-- com.mycompany.app.CopyTest -->
